[2026-02-03 04:07:48] Found user lookup result for santiagojasminem@gmail.com: user_id=5
[2026-02-03 04:09:22] Found user lookup result for santiagojasminem@gmail.com: user_id=5
[2026-02-03 04:09:22] Inserted OTP for santiagojasminem@gmail.com, otp=024793, expires_at=2026-02-03 04:12:22
[2026-02-03 04:09:26] PHPMailer send() succeeded for santiagojasminem@gmail.com
[2026-02-03 04:12:56] Found user lookup result for santiagojasminem@gmail.com: user_id=5
[2026-02-03 04:12:56] Inserted OTP for santiagojasminem@gmail.com, otp=828982, expires_at=2026-02-03 04:15:56
[2026-02-03 04:13:00] PHPMailer send() succeeded for santiagojasminem@gmail.com
[2026-02-03 04:14:32] Found user lookup result for santiagojasminem@gmail.com: user_id=5
[2026-02-03 04:14:32] Inserted OTP for santiagojasminem@gmail.com, otp=479169, expires_at=2026-02-03 04:17:32
[2026-02-03 04:14:36] PHPMailer send() succeeded for santiagojasminem@gmail.com
[2026-02-03 04:15:20] Found user lookup result for santiagojasminem@gmail.com: user_id=5
[2026-02-03 04:15:20] Inserted OTP for santiagojasminem@gmail.com, otp=191472, expires_at=2026-02-03 04:18:20
[2026-02-03 04:15:24] PHPMailer send() succeeded for santiagojasminem@gmail.com
[2026-02-03 04:26:39] Found user lookup result for santiagojasminem@gmail.com: user_id=5
[2026-02-03 04:26:39] Inserted OTP for santiagojasminem@gmail.com, otp=870522, expires_at=2026-02-03 04:29:39
[2026-02-03 04:26:43] PHPMailer send() succeeded for santiagojasminem@gmail.com
[2026-02-09 07:16:28] Email not found: jaime224@gmail.com
[2026-02-09 07:17:09] Found user lookup result for santiagojasminem@gmail.com: user_id=70
[2026-02-09 07:17:09] Inserted OTP for santiagojasminem@gmail.com, otp=213320, expires_at=2026-02-09 07:20:09
[2026-02-09 07:17:14] PHPMailer send() succeeded for santiagojasminem@gmail.com
[2026-02-09 16:34:59] Found user lookup result for santiagojasminem@gmail.com: user_id=6
[2026-02-09 16:34:59] Inserted OTP for santiagojasminem@gmail.com, otp=500541, expires_at=2026-02-09 16:37:59
[2026-02-09 16:35:02] PHPMailer send() succeeded for santiagojasminem@gmail.com
[2026-02-09 16:36:05] Found user lookup result for santiagojasminem@gmail.com: user_id=6
[2026-02-09 16:36:05] Inserted OTP for santiagojasminem@gmail.com, otp=100975, expires_at=2026-02-09 16:39:05
[2026-02-09 16:36:09] PHPMailer send() succeeded for santiagojasminem@gmail.com
[2026-02-09 16:39:28] Email not found: jasdgmkasd@gmail.com
[2026-02-09 22:24:27] Found user lookup result for santiagojasminem@gmail.com: user_id=6
[2026-02-09 22:24:27] Inserted OTP for santiagojasminem@gmail.com, otp=688856, expires_at=2026-02-09 22:27:27
[2026-02-09 22:24:31] PHPMailer send() succeeded for santiagojasminem@gmail.com
